********************************************************************************
PACKAGE-LOG: 2015-01-14 12:56:29
NOTICE: Do NOT post to public sites or forums 
********************************************************************************
VERSION:	0.5.6
WORDPRESS:	4.0.1
PHP INFO:	5.4.34 | SAPI: cgi-fcgi
SERVER:		Apache 
PHP TIME LIMIT: (0) no time limit imposed 
PHP MAX MEMORY: 5000M (128M default) 

********************************************************************************
DATABASE:
********************************************************************************
BUILD MODE:   PHP
MYSQLDUMP:    Is Supported
MYSQLTIMEOUT: 5000 
TABLES: total:13 | filtered:0 | create:13 
FILTERED: [] 
wp_commentmeta (0) 
wp_comments (0) 
wp_duplicator (1) 
wp_duplicator_packages (1) 
wp_links (0) 
wp_options (154) 
wp_postmeta (460) 
wp_posts (1401) 
wp_term_relationships (10) 
wp_term_taxonomy (5) 
wp_terms (4) 
wp_usermeta (90) 
wp_users (4) 
SQL CREATED: 20150114_marketob2b_54b662b3b9a539178150114123603_database.sql 
SQL FILE SIZE: 5.17MB 
SQL RUNTIME: 0.47 sec. 

******************************************************************************** 
ARCHIVE (ZIP): 
******************************************************************************** 
ARCHIVE DIR:  /home1/marketol/public_html/m/b2b 
ARCHIVE FILE: 20150114_marketob2b_54b662b3b9a539178150114123603_archive.zip 
FILTERS: *OFF* 
DIRS:  not set 
EXTS:  not set 
---------------------------------------- 
COMPRESSING 
SIZE:	44.59MB 
STATS:	Dirs 195 | Files 2,200 | Links 0 
SQL ADDED: 20150114_marketob2b_54b662b3b9a539178150114123603_database.sql 
WARNING: Unable to zip directory: '/home1/marketol/public_html/m/b2b' 
ZipArchive Object
(
    [status] => 0
    [statusSys] => 0
    [numFiles] => 2395
    [filename] => /home1/marketol/public_html/m/b2b/wp-snapshots/tmp/20150114_marketob2b_54b662b3b9a539178150114123603_archive.zip
    [comment] => 
)
 
COMPRESSION RESULT: '1' 
COMPRESSED SIZE: 30.8MB 
ARCHIVE RUNTIME: 5.25 sec. 

******************************************************************************** 
INSTALLER: 
******************************************************************************** 
INSTALLER FILE: Build Start 
INSTALLER FILE: Build Finished 
INSTALLER FILE: Preping for use 
INSTALLER FILE: Template parsed with new data 
INSTALLER FILE: Complete [/home1/marketol/public_html/m/b2b/wp-snapshots/tmp/20150114_marketob2b_54b662b3b9a539178150114123603_installer.php] 
INSTALLER FILE: Added to archive 

********************************************************************************
RECORD ID:[1]
FILE SIZE: Archive:30.8MB | SQL:5.17MB | Installer:413.96KB
TOTAL PROCESS RUNTIME: 5.92 sec.
DONE PROCESSING => 20150114_marketob2b 2015-01-14 12:56:35
********************************************************************************
 
